make all --print-data-base --no-builtin-variables --no-builtin-rules --question
make: *** No rule to make target 'all'.  Stop.
 
# GNU Make 4.2.1
# Built for x86_64-pc-linux-gnu
# Copyright (C) 1988-2016 Free Software Foundation, Inc.
# License GPLv3+: GNU GPL version 3 or later <http://gnu.org/licenses/gpl.html>
# This is free software: you are free to change and redistribute it.
# There is NO WARRANTY, to the extent permitted by law.

# Make data base, printed on Thu Jul  1 16:38:15 2021

# Variables

# 'override' directive
GNUMAKEFLAGS := 
# automatic
<D = $(patsubst %/,%,$(dir $<))
# automatic
?F = $(notdir $?)
# environment
PAPERSIZE = letter
# environment
DESKTOP_SESSION = pop
# default
.SHELLFLAGS := -c
# environment
XDG_SESSION_CLASS = user
# environment
XDG_SESSION_TYPE = x11
# environment
VSCODE_LOG_NATIVE = false
# makefile (from 'Makefile', line 9)
TARGET := bin/LittleTurnGame
# automatic
?D = $(patsubst %/,%,$(dir $?))
# environment
IM_CONFIG_PHASE = 1
# automatic
@D = $(patsubst %/,%,$(dir $@))
# environment
XAUTHORITY = /run/user/1000/gdm/Xauthority
# environment
GDMSESSION = pop
# environment
XMODIFIERS = @im=ibus
# makefile
CURDIR := /home/alex/Dropbox/dev/Little-Turn-Game
# makefile
SHELL = /bin/sh
# environment
VSCODE_NLS_CONFIG = {"locale":"en-us","availableLanguages":{},"_languagePackSupport":true}
# environment
_ = /usr/share/code/code
# makefile (from 'Makefile', line 14)
CFLAGS := -g -Wall -Ofast -std=c++17
# environment
JOURNAL_STREAM = 8:48240
# environment
XDG_CONFIG_DIRS = /etc/xdg/xdg-pop:/etc/xdg
# makefile (from 'Makefile', line 1)
MAKEFILE_LIST :=  Makefile
# automatic
@F = $(notdir $@)
# environment
GIO_LAUNCHED_DESKTOP_FILE = /usr/share/applications/code.desktop
# environment
USERNAME = alex
# makefile (from 'Makefile', line 12)
SOURCES := src/MainMenu.cpp src/Game.cpp src/main.cpp
# environment
MAKELEVEL := 0
# environment
MANDATORY_PATH = /usr/share/gconf/pop.mandatory.path
# environment
XDG_DATA_DIRS = /usr/share/pop:/home/alex/.local/share/flatpak/exports/share:/var/lib/flatpak/exports/share:/usr/local/share:/usr/share
# environment
DBUS_SESSION_BUS_ADDRESS = unix:path=/run/user/1000/bus
# environment
VSCODE_VERBOSE_LOGGING = true
# makefile (from 'Makefile', line 8)
BUILDDIR := build
# environment
MANAGERPID = 1652
# environment
LESSOPEN = | /usr/bin/lesspipe %s
# environment
LC_NAME = en_US.UTF-8
# environment
VSCODE_CWD = /home/alex
# default
MAKE_HOST := x86_64-pc-linux-gnu
# environment
PATH = /usr/local/sbin:/usr/local/bin:/usr/sbin:/usr/bin:/sbin:/bin:/usr/games:/usr/local/games:/snap/bin
# environment
GPG_AGENT_INFO = /run/user/1000/gnupg/S.gpg-agent:0:1
# environment
GJS_DEBUG_OUTPUT = stderr
# environment
SESSION_MANAGER = local/cesium:@/tmp/.ICE-unix/2624,unix/cesium:/tmp/.ICE-unix/2624
# environment
XDG_RUNTIME_DIR = /run/user/1000
# environment
XDG_MENU_PREFIX = gnome-
# environment
VSCODE_LOG_STACK = false
# environment
VSCODE_CRASH_REPORTER_START_OPTIONS = {"companyName":"Microsoft","productName":"VSCode","submitURL":"appcenter://code?aid=fba07a4d-84bd-4fc8-a125-9640fc8ce171&uid=2a5b41f3-115b-447c-a551-d5be6679f9ef&iid=2a5b41f3-115b-447c-a551-d5be6679f9ef&sid=2a5b41f3-115b-447c-a551-d5be6679f9ef","uploadToServer":true}
# environment
INVOCATION_ID = 93371525f33f4c61b7bc2f31c3e69b20
# makefile (from 'Makefile', line 15)
LIB := -lraylib
# default
.FEATURES := target-specific order-only second-expansion else-if shortest-stem undefine oneshell archives jobserver output-sync check-symlink load
# environment
LS_COLORS = 
# environment
XDG_SESSION_DESKTOP = pop
# environment
SSH_AUTH_SOCK = /run/user/1000/keyring/ssh
# environment
GIO_LAUNCHED_DESKTOP_FILE_PID = 92272
# automatic
%F = $(notdir $%)
# environment
DISPLAY = :1
# makefile (from 'Makefile', line 7)
SRCDIR := src
# environment
VSCODE_PIPE_LOGGING = true
# environment
PWD = /home/alex/Dropbox/dev/Little-Turn-Game
# default
.LOADED := 
# environment
SSH_AGENT_PID = 2335
# environment
ORIGINAL_XDG_CURRENT_DESKTOP = pop:GNOME
# environment
GTK_MODULES = gail:atk-bridge:appmenu-gtk-module
# environment
VSCODE_AMD_ENTRYPOINT = vs/workbench/services/extensions/node/extensionHostProcess
# environment
HOME = /home/alex
# environment
LESSCLOSE = /usr/bin/lesspipe %s %s
# environment
LOGNAME = alex
# environment
APPLICATION_INSIGHTS_NO_DIAGNOSTIC_CHANNEL = true
# automatic
+F = $(notdir $+)
# environment
VSCODE_HANDLES_UNCAUGHT_ERRORS = true
# environment
GNOME_DESKTOP_SESSION_ID = this-is-deprecated
# automatic
^D = $(patsubst %/,%,$(dir $^))
# environment
LC_TIME = en_US.UTF-8
# default
MAKE = $(MAKE_COMMAND)
# default
MAKECMDGOALS := all
# environment
QT_IM_MODULE = ibus
# environment
SHLVL = 0
# makefile (from 'Makefile', line 5)
CC := g++ 
# environment
GNOME_SHELL_SESSION_MODE = pop
# environment
VSCODE_IPC_HOOK_EXTHOST = /run/user/1000/vscode-ipc-a5f0babc-97fc-429a-8306-030017e8b867.sock
# default
MAKE_VERSION := 4.2.1
# environment
USER = alex
# environment
LC_MONETARY = en_US.UTF-8
# makefile
.DEFAULT_GOAL := bin/LittleTurnGame
# environment
XDG_CURRENT_DESKTOP = Unity
# makefile (from 'Makefile', line 18)
UNAME := Linux
# automatic
%D = $(patsubst %/,%,$(dir $%))
# environment
LC_TELEPHONE = en_US.UTF-8
# default
MAKE_COMMAND := make
# environment
VSCODE_NODE_CACHED_DATA_DIR = /home/alex/.config/Code/CachedData/507ce72a4466fbb27b715c3722558bb15afa9f48
# default
.VARIABLES := 
# automatic
*F = $(notdir $*)
# environment
LANGUAGE = en_US:en
# environment
VSCODE_IPC_HOOK = /run/user/1000/vscode-d32d3ff9-1.57.1-main.sock
# makefile
MAKEFLAGS = pqrR
# environment
MFLAGS = -pqrR
# automatic
*D = $(patsubst %/,%,$(dir $*))
# environment
BREAKPAD_DUMP_LOCATION = /home/alex/.config/Code/exthost Crash Reports
# automatic
+D = $(patsubst %/,%,$(dir $+))
# environment
GDK_BACKEND = x11
# environment
LC_PAPER = en_US.UTF-8
# makefile (from 'Makefile', line 11)
SRCEXT := cpp
# environment
QT_ACCESSIBILITY = 1
# environment
DEFAULTS_PATH = /usr/share/gconf/pop.default.path
# 'override' directive
.SHELLSTATUS := 0
# default
MAKEFILES := 
# environment
LC_NUMERIC = en_US.UTF-8
# automatic
<F = $(notdir $<)
# environment
ELECTRON_RUN_AS_NODE = 1
# environment
LC_MEASUREMENT = en_US.UTF-8
# environment
LC_ALL = C
# environment
GJS_DEBUG_TOPICS = JS ERROR;JS LOG
# automatic
^F = $(notdir $^)
# default
SUFFIXES := 
# makefile (from 'Makefile', line 16)
INC := -I include
# environment
CHROME_DESKTOP = code-url-handler.desktop
# environment
WINDOWPATH = 2
# default
.INCLUDE_DIRS = /usr/include /usr/local/include /usr/include
# environment
LC_IDENTIFICATION = en_US.UTF-8
# default
.RECIPEPREFIX := 
# makefile (from 'Makefile', line 13)
OBJECTS := build/MainMenu.o build/Game.o build/main.o
# environment
LC_ADDRESS = en_US.UTF-8
# environment
LANG = C
# environment
VSCODE_PID = 92272
# variable set hash-table stats:
# Load=124/1024=12%, Rehash=0, Collisions=29/167=17%

# Pattern-specific Variable Values

# No pattern-specific variable values.

# Directories

# . (device 2051, inode 15470678): 15 files, no impossibilities.
# src (device 2051, inode 15470809): No files, no impossibilities so far.

# 15 files, no impossibilities in 2 directories.

# Implicit Rules

build/%.o: src/%.cpp
#  recipe to execute (from 'Makefile', line 32):
	@mkdir -p $(BUILDDIR)
	@echo " $(CC) $(CFLAGS) $(INC) -c -o $@ $<"; $(CC) $(CFLAGS) $(INC) -c -o $@ $<
 

# 1 implicit rules, 0 (0.0%) terminal.

# Files

# Not a target:
build/main.o:
#  Implicit rule search has not been done.
#  Modification time never checked.
#  File has not been updated.

# Not a target:
all:
#  Command line target.
#  Implicit rule search has been done.
#  File does not exist.
#  File has not been updated.

.PHONY: clean
#  Implicit rule search has not been done.
#  Modification time never checked.
#  File has not been updated.

# Not a target:
Makefile:
#  Implicit rule search has been done.
#  Last modified 2021-07-01 16:31:32.029834137
#  File has been updated.
#  Successfully updated.

tester:
#  Implicit rule search has not been done.
#  Modification time never checked.
#  File has not been updated.
#  recipe to execute (from 'Makefile', line 41):
	$(CC) $(CFLAGS) test/tester.cpp $(INC) $(LIB) -o bin/tester

# Not a target:
.DEFAULT:
#  Implicit rule search has not been done.
#  Modification time never checked.
#  File has not been updated.

package:
#  Implicit rule search has not been done.
#  Modification time never checked.
#  File has not been updated.
#  recipe to execute (from 'Makefile', line 56):
	ifeq ($(UNAME), Darwin)
	@echo "Building DMG...";
	# hdiutil create -size 32m -fs HFS+ -volname  my_app_writeable.dmg hdiutil attach test.dmg
	else
	@echo "Not on mac";	
	endif

run:
#  Implicit rule search has not been done.
#  Modification time never checked.
#  File has not been updated.
#  recipe to execute (from 'Makefile', line 51):
	make
	./$(TARGET)

clean:
#  Phony target (prerequisite of .PHONY).
#  Implicit rule search has not been done.
#  File does not exist.
#  File has not been updated.
#  recipe to execute (from 'Makefile', line 36):
	@echo " Cleaning..."; 
	@echo " $(RM) -r $(BUILDDIR) $(TARGET)"; $(RM) -r $(BUILDDIR) $(TARGET)

# Not a target:
build/Game.o:
#  Implicit rule search has not been done.
#  Modification time never checked.
#  File has not been updated.

# Not a target:
build/MainMenu.o:
#  Implicit rule search has not been done.
#  Modification time never checked.
#  File has not been updated.

ticket:
#  Implicit rule search has not been done.
#  Modification time never checked.
#  File has not been updated.
#  recipe to execute (from 'Makefile', line 45):
	$(CC) $(CFLAGS) spikes/ticket.cpp $(INC) $(LIB) -o bin/ticket

bin/LittleTurnGame: build/MainMenu.o build/Game.o build/main.o
#  Implicit rule search has not been done.
#  Modification time never checked.
#  File has not been updated.
#  recipe to execute (from 'Makefile', line 28):
	@echo " Linking..."
	@echo " $(CC) $^ -o $(TARGET) $(LIB)"; $(CC) $^ -o $(TARGET) $(LIB)

# files hash-table stats:
# Load=14/1024=1%, Rehash=0, Collisions=0/28=0%
# VPATH Search Paths

# No 'vpath' search paths.

# No general ('VPATH' variable) search path.

# strcache buffers: 1 (0) / strings = 32 / storage = 275 B / avg = 8 B
# current buf: size = 8162 B / used = 275 B / count = 32 / avg = 8 B

# strcache performance: lookups = 45 / hit rate = 28%
# hash-table stats:
# Load=32/8192=0%, Rehash=0, Collisions=2/45=4%
# Finished Make data base on Thu Jul  1 16:38:15 2021

 
